<?xml version="1.0" encoding="UTF-8"?>
<!-- Generated by org.testng.reporters.JUnitXMLReporter -->
<testsuite hostname="DESKTOP-6R231H0" ignored="2" name="Test" tests="2" failures="0" timestamp="24 Jun 2020 14:43:26 GMT" time="11.816" errors="0">
  <testcase name="guruLoginAction" time="3.892" classname="com.testcases.GuruLoginTest"/>
  <testcase name="Guru99NewCustomerAction" time="7.879" classname="com.testcases.GuruNewCustomerTest"/>
  <testcase name="@BeforeSuite initialise" time="0.0" classname="com.testcases.TestBase">
    <ignored/>
  </testcase> <!-- @BeforeSuite initialise -->
  <testcase name="@AfterSuite close" time="0.0" classname="com.testcases.TestBase">
    <ignored/>
  </testcase> <!-- @AfterSuite close -->
</testsuite> <!-- Test -->
