<?xml version="1.0" encoding="UTF-8"?>
<testng-results skipped="0" failed="0" ignored="2" total="4" passed="2">
  <reporter-output>
  </reporter-output>
  <suite name="Suite" duration-ms="11816" started-at="2020-06-24T14:43:14Z" finished-at="2020-06-24T14:43:26Z">
    <groups>
    </groups>
    <test name="Test" duration-ms="11816" started-at="2020-06-24T14:43:14Z" finished-at="2020-06-24T14:43:26Z">
      <class name="com.testcases.GuruNewCustomerTest">
        <test-method status="PASS" signature="Guru99NewCustomerAction()[pri:0, instance:com.testcases.GuruNewCustomerTest@157632c9]" name="Guru99NewCustomerAction" duration-ms="7879" started-at="2020-06-24T14:43:18Z" finished-at="2020-06-24T14:43:26Z">
          <reporter-output>
          </reporter-output>
        </test-method> <!-- Guru99NewCustomerAction -->
      </class> <!-- com.testcases.GuruNewCustomerTest -->
      <class name="com.testcases.GuruLoginTest">
        <test-method status="PASS" signature="initialise()[pri:0, instance:com.testcases.GuruLoginTest@36f0f1be]" name="initialise" is-config="true" duration-ms="9827" started-at="2020-06-24T14:43:04Z" finished-at="2020-06-24T14:43:14Z">
          <reporter-output>
          </reporter-output>
        </test-method> <!-- initialise -->
        <test-method status="PASS" signature="guruLoginAction()[pri:0, instance:com.testcases.GuruLoginTest@36f0f1be]" name="guruLoginAction" duration-ms="3892" started-at="2020-06-24T14:43:14Z" finished-at="2020-06-24T14:43:18Z">
          <reporter-output>
          </reporter-output>
        </test-method> <!-- guruLoginAction -->
        <test-method status="PASS" signature="close()[pri:0, instance:com.testcases.GuruLoginTest@36f0f1be]" name="close" is-config="true" duration-ms="6204" started-at="2020-06-24T14:43:26Z" finished-at="2020-06-24T14:43:32Z">
          <reporter-output>
          </reporter-output>
        </test-method> <!-- close -->
      </class> <!-- com.testcases.GuruLoginTest -->
    </test> <!-- Test -->
  </suite> <!-- Suite -->
</testng-results>
